# Logfile created on Thu Jun 18 22:42:50 +0800 2009 by /

# task JAVAWS::BOT::KROBOT => login
# save /home/jhsea3do/.krobot/cache
# oact home?
> open http://www.kaixin001.com/app/left.php
< acpt location=/login/?flag=1&url=
< acpt content-type=text/html
< acpt connection=close
< acpt server=Apache
< acpt date=Thu, 18 Jun 2009 14:42:50 GMT
< acpt content-length=0
< acpt vary=Accept-Encoding,User-Agent
# task JAVAWS::BOT::KROBOT => login
> open http://www.kaixin001.com/login/login.php
> post password=
> post email=jhsea3do@gmail.com
< acpt etag=app-1245336202
< acpt last-modified=Thu, 18 Jun 2009 14:43:22 GMT
< acpt expires=Fri, 19 Jun 2009 00:43:22 GMT
< acpt content-type=text/html; charset=UTF-8
< acpt connection=close
< acpt server=Apache
< acpt date=Thu, 18 Jun 2009 14:43:22 GMT
< acpt set-cookie=_user=deleted; expires=Wed, 18-Jun-2008 14:43:21 GMT; path=/; domain=.kaixin001.com, SERVERID=_srv100-76_; path=/
< acpt vary=Accept-Encoding,User-Agent
< acpt cache-control=max-age=36000; private
< acpt transfer-encoding=chunked
< sess _user=deleted; expires=Wed, 18-Jun-2008 14:43:21 GMT; path=/; domain=.kaixin001.com, SERVERID=_srv100-76_; path=/
! open error: undefined method `match' for nil:NilClass
# save /home/jhsea3do/.krobot/cache
# oact home?
> open http://www.kaixin001.com/app/left.php
< acpt location=/login/?flag=1&url=http%3A%2F%2Fwww.kaixin001.com%2Flogin%2Flogin.php
< acpt content-type=text/html
< acpt connection=close
< acpt server=Apache
< acpt date=Thu, 18 Jun 2009 14:43:23 GMT
< acpt content-length=0
< acpt vary=Accept-Encoding,User-Agent